<?xml version="1.0" encoding="UTF-8"?>
<testsuite name="SelTest" tests="1" skipped="0" failures="0" errors="0" timestamp="2015-09-09T21:29:45" hostname="Carloss-MBP" time="5.049">
  <properties/>
  <testcase name="openGoogleAndCheckExists" classname="SelTest" time="5.049"/>
  <system-out><![CDATA[]]></system-out>
  <system-err><![CDATA[]]></system-err>
</testsuite>
